<?xml version="1.0" encoding="UTF-8"?>
<testng-results skipped="0" failed="0" ignored="0" total="1" passed="1">
  <reporter-output>
  </reporter-output>
  <suite name="Default suite" duration-ms="115150" started-at="2018-09-02T01:52:35Z" finished-at="2018-09-02T01:54:30Z">
    <groups>
    </groups>
    <test name="Default test" duration-ms="115150" started-at="2018-09-02T01:52:35Z" finished-at="2018-09-02T01:54:30Z">
      <class name="com.crm.qa.test.SignUpTest">
        <test-method status="PASS" signature="SetUp()[pri:0, instance:com.crm.qa.test.SignUpTest@77caeb3e]" name="SetUp" is-config="true" duration-ms="76147" started-at="2018-09-02T01:52:35Z" finished-at="2018-09-02T01:53:51Z">
          <reporter-output>
          </reporter-output>
        </test-method> <!-- SetUp -->
        <test-method status="PASS" signature="SignUpPageValidation()[pri:0, instance:com.crm.qa.test.SignUpTest@77caeb3e]" name="SignUpPageValidation" duration-ms="36764" started-at="2018-09-02T01:53:51Z" finished-at="2018-09-02T01:54:28Z">
          <reporter-output>
          </reporter-output>
        </test-method> <!-- SignUpPageValidation -->
        <test-method status="PASS" signature="tearDown()[pri:0, instance:com.crm.qa.test.SignUpTest@77caeb3e]" name="tearDown" is-config="true" duration-ms="1897" started-at="2018-09-02T01:54:28Z" finished-at="2018-09-02T01:54:30Z">
          <reporter-output>
          </reporter-output>
        </test-method> <!-- tearDown -->
      </class> <!-- com.crm.qa.test.SignUpTest -->
    </test> <!-- Default test -->
  </suite> <!-- Default suite -->
</testng-results>
